1538764680119	mozrunner::runner	INFO	Running command: "/usr/bin/firefox" "-marionette" "-foreground" "-no-remote" "-profile" "/tmp/rust_mozprofile.1nJKB6idRM7N"
1538764683645	Marionette	INFO	Listening on port 34197
1538764683765	Marionette	WARN	TLS certificate errors will be ignored for this session
console.warn: LoginRecipes: getRecipes: falling back to a synchronous message for: https://rockingsoccer.com
console.warn: nsLoginManager: searchLogins: `formSubmitURL` or `httpRealm` is recommended
1538765181885	mozrunner::runner	INFO	Running command: "/usr/bin/firefox" "-marionette" "-foreground" "-no-remote" "-profile" "/tmp/rust_mozprofile.UE6Tt1nbVetk"
1538765184798	Marionette	INFO	Listening on port 44619
1538765184895	Marionette	WARN	TLS certificate errors will be ignored for this session
[Parent 17973, Gecko_IOThread] WARNING: pipe error (92): Connection reset by peer: file /build/firefox-rIABNe/firefox-61.0.1+linuxmint1+sylvia/ipc/chromium/src/chrome/common/ipc_channel_posix.cc, line 353
1538765273801	mozrunner::runner	INFO	Running command: "/usr/bin/firefox" "-marionette" "-foreground" "-no-remote" "-profile" "/tmp/rust_mozprofile.GHJJ6eEhYG0j"
1538765276700	Marionette	INFO	Listening on port 45705
1538765276711	Marionette	WARN	TLS certificate errors will be ignored for this session
1538765654175	mozrunner::runner	INFO	Running command: "/usr/bin/firefox" "-marionette" "-foreground" "-no-remote" "-profile" "/tmp/rust_mozprofile.uH4UgggyCVv8"
1538765657109	Marionette	INFO	Listening on port 38339
1538765657205	Marionette	WARN	TLS certificate errors will be ignored for this session
[Parent 19120, Gecko_IOThread] WARNING: pipe error (69): Connection reset by peer: file /build/firefox-rIABNe/firefox-61.0.1+linuxmint1+sylvia/ipc/chromium/src/chrome/common/ipc_channel_posix.cc, line 353
*** UTM:SVC TimerManager:registerTimer called after profile-before-change notification. Ignoring timer registration for id: telemetry_modules_ping
IPDL protocol error: Handler returned error code!

###!!! [Parent][DispatchAsyncMessage] Error: PLayerTransaction::Msg_ReleaseLayer Processing error: message was deserialized, but the handler returned false (indicating failure)

IPDL protocol error: Handler returned error code!

###!!! [Parent][DispatchAsyncMessage] Error: PLayerTransaction::Msg_ReleaseLayer Processing error: message was deserialized, but the handler returned false (indicating failure)

IPDL protocol error: Handler returned error code!

###!!! [Parent][DispatchAsyncMessage] Error: PLayerTransaction::Msg_ReleaseLayer Processing error: message was deserialized, but the handler returned false (indicating failure)

IPDL protocol error: Handler returned error code!

###!!! [Parent][DispatchAsyncMessage] Error: PLayerTransaction::Msg_ReleaseLayer Processing error: message was deserialized, but the handler returned false (indicating failure)

IPDL protocol error: Handler returned error code!

###!!! [Parent][DispatchAsyncMessage] Error: PLayerTransaction::Msg_ReleaseLayer Processing error: message was deserialized, but the handler returned false (indicating failure)

IPDL protocol error: Handler returned error code!

###!!! [Parent][DispatchAsyncMessage] Error: PLayerTransaction::Msg_ReleaseLayer Processing error: message was deserialized, but the handler returned false (indicating failure)

IPDL protocol error: Handler returned error code!

###!!! [Parent][DispatchAsyncMessage] Error: PLayerTransaction::Msg_ReleaseLayer Processing error: message was deserialized, but the handler returned false (indicating failure)

[Parent 18725, Gecko_IOThread] WARNING: pipe error (71): Connection reset by peer: file /build/firefox-rIABNe/firefox-61.0.1+linuxmint1+sylvia/ipc/chromium/src/chrome/common/ipc_channel_posix.cc, line 353
1538765719109	mozrunner::runner	INFO	Running command: "/usr/bin/firefox" "-marionette" "-foreground" "-no-remote" "-profile" "/tmp/rust_mozprofile.iUsEw5yoXUQl"
1538765722009	Marionette	INFO	Listening on port 32956
1538765722026	Marionette	WARN	TLS certificate errors will be ignored for this session
[Parent 19338, Gecko_IOThread] WARNING: pipe error (69): Connection reset by peer: file /build/firefox-rIABNe/firefox-61.0.1+linuxmint1+sylvia/ipc/chromium/src/chrome/common/ipc_channel_posix.cc, line 353
*** UTM:SVC TimerManager:registerTimer called after profile-before-change notification. Ignoring timer registration for id: telemetry_modules_ping
[Parent 18385, Gecko_IOThread] WARNING: pipe error (71): Connection reset by peer: file /build/firefox-rIABNe/firefox-61.0.1+linuxmint1+sylvia/ipc/chromium/src/chrome/common/ipc_channel_posix.cc, line 353
1538765869981	mozrunner::runner	INFO	Running command: "/usr/bin/firefox" "-marionette" "-foreground" "-no-remote" "-profile" "/tmp/rust_mozprofile.AYmreAKFEtCx"
1538765872932	Marionette	INFO	Listening on port 38104
1538765872995	Marionette	WARN	TLS certificate errors will be ignored for this session
Handler function DebuggerProgressListener.prototype.onStateChange threw an exception: [Exception... "Component returned failure code: 0x80004002 (NS_NOINTERFACE) [nsIWebProgress.DOMWindow]"  nsresult: "0x80004002 (NS_NOINTERFACE)"  location: "JS frame :: resource://devtools/shared/base-loader.js -> resource://devtools/server/actors/tab.js :: _docShellToWindow :: line 781"  data: no]
Stack: _docShellToWindow@resource://devtools/shared/base-loader.js -> resource://devtools/server/actors/tab.js:781:9
_docShellsToWindows/<@resource://devtools/shared/base-loader.js -> resource://devtools/server/actors/tab.js:805:38
_docShellsToWindows@resource://devtools/shared/base-loader.js -> resource://devtools/server/actors/tab.js:805:12
_notifyDocShellsUpdate@resource://devtools/shared/base-loader.js -> resource://devtools/server/actors/tab.js:809:19
DebuggerProgressListener.prototype.onStateChange<@resource://devtools/shared/base-loader.js -> resource://devtools/server/actors/tab.js:1664:7
exports.makeInfallible/<@resource://devtools/shared/base-loader.js -> resource://devtools/shared/ThreadSafeDevToolsUtils.js:109:14
Line: 781, column: 0
console.error: "Handler function DebuggerProgressListener.prototype.onStateChange threw an exception: [Exception... \"Component returned failure code: 0x80004002 (NS_NOINTERFACE) [nsIWebProgress.DOMWindow]\"  nsresult: \"0x80004002 (NS_NOINTERFACE)\"  location: \"JS frame :: resource://devtools/shared/base-loader.js -> resource://devtools/server/actors/tab.js :: _docShellToWindow :: line 781\"  data: no]\nStack: _docShellToWindow@resource://devtools/shared/base-loader.js -> resource://devtools/server/actors/tab.js:781:9\n_docShellsToWindows/<@resource://devtools/shared/base-loader.js -> resource://devtools/server/actors/tab.js:805:38\n_docShellsToWindows@resource://devtools/shared/base-loader.js -> resource://devtools/server/actors/tab.js:805:12\n_notifyDocShellsUpdate@resource://devtools/shared/base-loader.js -> resource://devtools/server/actors/tab.js:809:19\nDebuggerProgressListener.prototype.onStateChange<@resource://devtools/shared/base-loader.js -> resource://devtools/server/actors/tab.js:1664:7\nexports.makeInfallible/<@resource://devtools/shared/base-loader.js -> resource://devtools/shared/ThreadSafeDevToolsUtils.js:109:14\nLine: 781, column: 0"
Handler function DebuggerProgressListener.prototype.onStateChange threw an exception: [Exception... "Component returned failure code: 0x80004002 (NS_NOINTERFACE) [nsIWebProgress.DOMWindow]"  nsresult: "0x80004002 (NS_NOINTERFACE)"  location: "JS frame :: resource://devtools/shared/base-loader.js -> resource://devtools/server/actors/tab.js :: DebuggerProgressListener.prototype.onStateChange< :: line 1667"  data: no]
Stack: DebuggerProgressListener.prototype.onStateChange<@resource://devtools/shared/base-loader.js -> resource://devtools/server/actors/tab.js:1667:9
exports.makeInfallible/<@resource://devtools/shared/base-loader.js -> resource://devtools/shared/ThreadSafeDevToolsUtils.js:109:14
Line: 1667, column: 0
console.error: "Handler function DebuggerProgressListener.prototype.onStateChange threw an exception: [Exception... \"Component returned failure code: 0x80004002 (NS_NOINTERFACE) [nsIWebProgress.DOMWindow]\"  nsresult: \"0x80004002 (NS_NOINTERFACE)\"  location: \"JS frame :: resource://devtools/shared/base-loader.js -> resource://devtools/server/actors/tab.js :: DebuggerProgressListener.prototype.onStateChange< :: line 1667\"  data: no]\nStack: DebuggerProgressListener.prototype.onStateChange<@resource://devtools/shared/base-loader.js -> resource://devtools/server/actors/tab.js:1667:9\nexports.makeInfallible/<@resource://devtools/shared/base-loader.js -> resource://devtools/shared/ThreadSafeDevToolsUtils.js:109:14\nLine: 1667, column: 0"
Handler function DebuggerProgressListener.prototype.onStateChange threw an exception: [Exception... "Component returned failure code: 0x80004002 (NS_NOINTERFACE) [nsIWebProgress.DOMWindow]"  nsresult: "0x80004002 (NS_NOINTERFACE)"  location: "JS frame :: resource://devtools/shared/base-loader.js -> resource://devtools/server/actors/tab.js :: _docShellToWindow :: line 781"  data: no]
Stack: _docShellToWindow@resource://devtools/shared/base-loader.js -> resource://devtools/server/actors/tab.js:781:9
_docShellsToWindows/<@resource://devtools/shared/base-loader.js -> resource://devtools/server/actors/tab.js:805:38
_docShellsToWindows@resource://devtools/shared/base-loader.js -> resource://devtools/server/actors/tab.js:805:12
_notifyDocShellsUpdate@resource://devtools/shared/base-loader.js -> resource://devtools/server/actors/tab.js:809:19
DebuggerProgressListener.prototype.onStateChange<@resource://devtools/shared/base-loader.js -> resource://devtools/server/actors/tab.js:1664:7
exports.makeInfallible/<@resource://devtools/shared/base-loader.js -> resource://devtools/shared/ThreadSafeDevToolsUtils.js:109:14
Line: 781, column: 0
console.error: "Handler function DebuggerProgressListener.prototype.onStateChange threw an exception: [Exception... \"Component returned failure code: 0x80004002 (NS_NOINTERFACE) [nsIWebProgress.DOMWindow]\"  nsresult: \"0x80004002 (NS_NOINTERFACE)\"  location: \"JS frame :: resource://devtools/shared/base-loader.js -> resource://devtools/server/actors/tab.js :: _docShellToWindow :: line 781\"  data: no]\nStack: _docShellToWindow@resource://devtools/shared/base-loader.js -> resource://devtools/server/actors/tab.js:781:9\n_docShellsToWindows/<@resource://devtools/shared/base-loader.js -> resource://devtools/server/actors/tab.js:805:38\n_docShellsToWindows@resource://devtools/shared/base-loader.js -> resource://devtools/server/actors/tab.js:805:12\n_notifyDocShellsUpdate@resource://devtools/shared/base-loader.js -> resource://devtools/server/actors/tab.js:809:19\nDebuggerProgressListener.prototype.onStateChange<@resource://devtools/shared/base-loader.js -> resource://devtools/server/actors/tab.js:1664:7\nexports.makeInfallible/<@resource://devtools/shared/base-loader.js -> resource://devtools/shared/ThreadSafeDevToolsUtils.js:109:14\nLine: 781, column: 0"
Handler function DebuggerProgressListener.prototype.onStateChange threw an exception: [Exception... "Component returned failure code: 0x80004002 (NS_NOINTERFACE) [nsIWebProgress.DOMWindow]"  nsresult: "0x80004002 (NS_NOINTERFACE)"  location: "JS frame :: resource://devtools/shared/base-loader.js -> resource://devtools/server/actors/tab.js :: DebuggerProgressListener.prototype.onStateChange< :: line 1667"  data: no]
Stack: DebuggerProgressListener.prototype.onStateChange<@resource://devtools/shared/base-loader.js -> resource://devtools/server/actors/tab.js:1667:9
exports.makeInfallible/<@resource://devtools/shared/base-loader.js -> resource://devtools/shared/ThreadSafeDevToolsUtils.js:109:14
Line: 1667, column: 0
console.error: "Handler function DebuggerProgressListener.prototype.onStateChange threw an exception: [Exception... \"Component returned failure code: 0x80004002 (NS_NOINTERFACE) [nsIWebProgress.DOMWindow]\"  nsresult: \"0x80004002 (NS_NOINTERFACE)\"  location: \"JS frame :: resource://devtools/shared/base-loader.js -> resource://devtools/server/actors/tab.js :: DebuggerProgressListener.prototype.onStateChange< :: line 1667\"  data: no]\nStack: DebuggerProgressListener.prototype.onStateChange<@resource://devtools/shared/base-loader.js -> resource://devtools/server/actors/tab.js:1667:9\nexports.makeInfallible/<@resource://devtools/shared/base-loader.js -> resource://devtools/shared/ThreadSafeDevToolsUtils.js:109:14\nLine: 1667, column: 0"
[Parent 19600, Gecko_IOThread] WARNING: pipe error (71): Connection reset by peer: file /build/firefox-rIABNe/firefox-61.0.1+linuxmint1+sylvia/ipc/chromium/src/chrome/common/ipc_channel_posix.cc, line 353
1538766247448	mozrunner::runner	INFO	Running command: "/usr/bin/firefox" "-marionette" "-foreground" "-no-remote" "-profile" "/tmp/rust_mozprofile.A0xGclSdrJIz"
1538766250382	Marionette	INFO	Listening on port 37452
1538766250461	Marionette	WARN	TLS certificate errors will be ignored for this session
JavaScript error: https://tpc.googlesyndication.com/sadbundle/$csp%3Der3$/4706426817514878033/index.html#t=11168182200686604246&p=https%3A%2F%2Fgoogleads.g.doubleclick.net, line 624: ReferenceError: TweenLite is not defined
IPDL protocol error: Handler returned error code!

###!!! [Parent][DispatchAsyncMessage] Error: PLayerTransaction::Msg_ReleaseLayer Processing error: message was deserialized, but the handler returned false (indicating failure)

1538766635086	mozrunner::runner	INFO	Running command: "/usr/bin/firefox" "-marionette" "-foreground" "-no-remote" "-profile" "/tmp/rust_mozprofile.cuoA6BTIM6Jk"
1538766637939	Marionette	INFO	Listening on port 33711
1538766637994	Marionette	WARN	TLS certificate errors will be ignored for this session
*** UTM:SVC TimerManager:registerTimer called after profile-before-change notification. Ignoring timer registration for id: telemetry_modules_ping
1538766680631	mozrunner::runner	INFO	Running command: "/usr/bin/firefox" "-marionette" "-foreground" "-no-remote" "-profile" "/tmp/rust_mozprofile.OvzxeOzHBZp2"
1538766683519	Marionette	INFO	Listening on port 36062
1538766683552	Marionette	WARN	TLS certificate errors will be ignored for this session
[Parent 20584, Gecko_IOThread] WARNING: pipe error (71): Connection reset by peer: file /build/firefox-rIABNe/firefox-61.0.1+linuxmint1+sylvia/ipc/chromium/src/chrome/common/ipc_channel_posix.cc, line 353
1538768538093	mozrunner::runner	INFO	Running command: "/usr/bin/firefox" "-marionette" "-foreground" "-no-remote" "-profile" "/tmp/rust_mozprofile.7Zjt0oXpcoSa"
1538768541215	Marionette	INFO	Listening on port 38738
1538768541328	Marionette	WARN	TLS certificate errors will be ignored for this session
[Parent 21400, Gecko_IOThread] WARNING: pipe error (74): Connection reset by peer: file /build/firefox-rIABNe/firefox-61.0.1+linuxmint1+sylvia/ipc/chromium/src/chrome/common/ipc_channel_posix.cc, line 353
*** UTM:SVC TimerManager:registerTimer called after profile-before-change notification. Ignoring timer registration for id: telemetry_modules_ping
1538768593108	mozrunner::runner	INFO	Running command: "/usr/bin/firefox" "-marionette" "-foreground" "-no-remote" "-profile" "/tmp/rust_mozprofile.wSUKVHLapvAm"
1538768595955	Marionette	INFO	Listening on port 41954
1538768596021	Marionette	WARN	TLS certificate errors will be ignored for this session
1538768665071	mozrunner::runner	INFO	Running command: "/usr/bin/firefox" "-marionette" "-foreground" "-no-remote" "-profile" "/tmp/rust_mozprofile.TuHI2tBSrITC"
1538768667834	Marionette	INFO	Listening on port 39829
1538768667882	Marionette	WARN	TLS certificate errors will be ignored for this session
[Parent 21611, Gecko_IOThread] WARNING: pipe error (85): Connection reset by peer: file /build/firefox-rIABNe/firefox-61.0.1+linuxmint1+sylvia/ipc/chromium/src/chrome/common/ipc_channel_posix.cc, line 353
[Parent 21611, Gecko_IOThread] WARNING: pipe error (68): Connection reset by peer: file /build/firefox-rIABNe/firefox-61.0.1+linuxmint1+sylvia/ipc/chromium/src/chrome/common/ipc_channel_posix.cc, line 353
[Parent 21837, Gecko_IOThread] WARNING: pipe error (71): Connection reset by peer: file /build/firefox-rIABNe/firefox-61.0.1+linuxmint1+sylvia/ipc/chromium/src/chrome/common/ipc_channel_posix.cc, line 353
1538768765119	mozrunner::runner	INFO	Running command: "/usr/bin/firefox" "-marionette" "-foreground" "-no-remote" "-profile" "/tmp/rust_mozprofile.snbdTTzh0Wle"
1538768767969	Marionette	INFO	Listening on port 46059
1538768768031	Marionette	WARN	TLS certificate errors will be ignored for this session
1538768961930	mozrunner::runner	INFO	Running command: "/usr/bin/firefox" "-marionette" "-foreground" "-no-remote" "-profile" "/tmp/rust_mozprofile.m1lA2CZvPH1q"
1538768964815	Marionette	INFO	Listening on port 33935
1538768964863	Marionette	WARN	TLS certificate errors will be ignored for this session
1538769111573	mozrunner::runner	INFO	Running command: "/usr/bin/firefox" "-marionette" "-foreground" "-no-remote" "-profile" "/tmp/rust_mozprofile.sfLM2BI4ejyI"
1538769114490	Marionette	INFO	Listening on port 45529
1538769114584	Marionette	WARN	TLS certificate errors will be ignored for this session
1538769141817	mozrunner::runner	INFO	Running command: "/usr/bin/firefox" "-marionette" "-foreground" "-no-remote" "-profile" "/tmp/rust_mozprofile.7uJIWrezaIzR"
1538769144857	Marionette	INFO	Listening on port 38475
1538769144946	Marionette	WARN	TLS certificate errors will be ignored for this session
[Parent 22844, Gecko_IOThread] WARNING: pipe error (72): Connection reset by peer: file /build/firefox-rIABNe/firefox-61.0.1+linuxmint1+sylvia/ipc/chromium/src/chrome/common/ipc_channel_posix.cc, line 353
[Parent 22369, Gecko_IOThread] WARNING: pipe error (74): Connection reset by peer: file /build/firefox-rIABNe/firefox-61.0.1+linuxmint1+sylvia/ipc/chromium/src/chrome/common/ipc_channel_posix.cc, line 353
1538769333199	mozrunner::runner	INFO	Running command: "/usr/bin/firefox" "-marionette" "-foreground" "-no-remote" "-profile" "/tmp/rust_mozprofile.LxEOKTroeDzM"
1538769336452	Marionette	INFO	Listening on port 46721
1538769336509	Marionette	WARN	TLS certificate errors will be ignored for this session
[Parent 23146, Gecko_IOThread] WARNING: pipe error (61): Connection reset by peer: file /build/firefox-rIABNe/firefox-61.0.1+linuxmint1+sylvia/ipc/chromium/src/chrome/common/ipc_channel_posix.cc, line 353
*** UTM:SVC TimerManager:registerTimer called after profile-before-change notification. Ignoring timer registration for id: telemetry_modules_ping
1538769482805	mozrunner::runner	INFO	Running command: "/usr/bin/firefox" "-marionette" "-foreground" "-no-remote" "-profile" "/tmp/rust_mozprofile.hdzOoTKLeKR5"
1538769485621	Marionette	INFO	Listening on port 46128
1538769485720	Marionette	WARN	TLS certificate errors will be ignored for this session
1538769562447	mozrunner::runner	INFO	Running command: "/usr/bin/firefox" "-marionette" "-foreground" "-no-remote" "-profile" "/tmp/rust_mozprofile.ZelZEVOh9r0U"
1538769565311	Marionette	INFO	Listening on port 43485
1538769565361	Marionette	WARN	TLS certificate errors will be ignored for this session
[Parent 23639, Gecko_IOThread] WARNING: pipe error (71): Connection reset by peer: file /build/firefox-rIABNe/firefox-61.0.1+linuxmint1+sylvia/ipc/chromium/src/chrome/common/ipc_channel_posix.cc, line 353
*** UTM:SVC TimerManager:registerTimer called after profile-before-change notification. Ignoring timer registration for id: telemetry_modules_ping
[Parent 23440, Gecko_IOThread] WARNING: pipe error (71): Connection reset by peer: file /build/firefox-rIABNe/firefox-61.0.1+linuxmint1+sylvia/ipc/chromium/src/chrome/common/ipc_channel_posix.cc, line 353
1538769756154	mozrunner::runner	INFO	Running command: "/usr/bin/firefox" "-marionette" "-foreground" "-no-remote" "-profile" "/tmp/rust_mozprofile.dlUkotnzRmSN"
1538769758919	Marionette	INFO	Listening on port 40788
1538769758965	Marionette	WARN	TLS certificate errors will be ignored for this session
[Parent 23926, Gecko_IOThread] WARNING: pipe error (74): Connection reset by peer: file /build/firefox-rIABNe/firefox-61.0.1+linuxmint1+sylvia/ipc/chromium/src/chrome/common/ipc_channel_posix.cc, line 353
*** UTM:SVC TimerManager:registerTimer called after profile-before-change notification. Ignoring timer registration for id: telemetry_modules_ping
1538770895324	mozrunner::runner	INFO	Running command: "/usr/bin/firefox" "-marionette" "-foreground" "-no-remote" "-profile" "/tmp/rust_mozprofile.4lC9cV9Ruv6p"
1538770898109	Marionette	INFO	Listening on port 46021
1538770898137	Marionette	WARN	TLS certificate errors will be ignored for this session
*** UTM:SVC TimerManager:registerTimer called after profile-before-change notification. Ignoring timer registration for id: telemetry_modules_ping
